[2025-05-27T04:45:22.949Z] POST /api/v1/auth/signin 404 {"email":"admin@domain.com","password":"password"}
[2025-05-27T04:45:44.261Z] POST /api/auth/signin 401 {"email":"admin@domain.com","password":"password"}
[2025-05-27T04:46:57.175Z] POST /api/auth/signin 401 {"email":"admin@domain.com","password":"password"}
[2025-05-27T04:48:18.905Z] POST /api/auth/signin 401 {"email":"admin@domain.com","password":"password"}
[2025-05-27T04:48:43.384Z] POST /api/auth/signin 401 {"email":"admin@domain.com","password":"password"}
[2025-05-27T04:53:32.296Z] POST /api/auth/signin 401 {"email":"admin@domain.com","password":"password"}
[2025-05-27T04:53:35.715Z] POST /api/auth/signin 401 {"email":"admin@domain.com","password":"password"}
[2025-05-27T04:54:16.503Z] POST /api/auth/signin 401 {"email":"admin@domain.com","password":"password"}
[2025-06-19T04:30:45.505Z] GET /api-docs 301 {}
[2025-06-19T04:30:45.509Z] GET /api-docs/ 200 {}
[2025-06-19T04:30:45.538Z] GET /api-docs/swagger-ui-init.js 200 {}
[2025-06-19T04:30:45.541Z] GET /api-docs/swagger-ui.css 200 {}
[2025-06-19T04:30:45.545Z] GET /api-docs/swagger-ui-standalone-preset.js 200 {}
[2025-06-19T04:30:45.550Z] GET /api-docs/swagger-ui-bundle.js 200 {}
[2025-06-19T04:30:45.686Z] GET /api-docs/favicon-32x32.png 200 {}
[2025-06-19T04:31:34.553Z] GET /api-docs/ 200 {}
[2025-06-19T04:31:34.571Z] GET /api-docs/swagger-ui.css 304 {}
[2025-06-19T04:31:34.572Z] GET /api-docs/swagger-ui-bundle.js 304 {}
[2025-06-19T04:31:34.575Z] GET /api-docs/swagger-ui-init.js 304 {}
[2025-06-19T04:31:34.575Z] GET /api-docs/swagger-ui-standalone-preset.js 304 {}
[2025-06-19T04:31:34.638Z] GET /api-docs/favicon-32x32.png 304 {}
[2025-06-19T04:31:40.803Z] GET /api-docs/ 304 {}
[2025-06-19T04:31:40.819Z] GET /api-docs/swagger-ui.css 304 {}
[2025-06-19T04:31:40.819Z] GET /api-docs/swagger-ui-bundle.js 304 {}
[2025-06-19T04:31:40.822Z] GET /api-docs/swagger-ui-standalone-preset.js 304 {}
[2025-06-19T04:31:40.828Z] GET /api-docs/swagger-ui-init.js 304 {}
[2025-06-19T04:31:40.922Z] GET /api-docs/favicon-32x32.png 304 {}
[2025-06-19T04:32:01.466Z] GET /api-docs/ 304 {}
[2025-06-19T04:32:01.486Z] GET /api-docs/swagger-ui.css 304 {}
[2025-06-19T04:32:01.488Z] GET /api-docs/swagger-ui-bundle.js 304 {}
[2025-06-19T04:32:01.492Z] GET /api-docs/swagger-ui-standalone-preset.js 304 {}
[2025-06-19T04:32:01.496Z] GET /api-docs/swagger-ui-init.js 200 {}
[2025-06-19T04:32:01.567Z] GET /api-docs/favicon-32x32.png 304 {}
[2025-06-19T04:32:01.608Z] GET /api-docs/ 304 {}
[2025-06-19T04:32:01.616Z] GET /api-docs/swagger-ui-init.js 304 {}
[2025-06-19T04:32:01.619Z] GET /api-docs/swagger-ui.css 304 {}
[2025-06-19T04:32:01.620Z] GET /api-docs/swagger-ui-bundle.js 304 {}
[2025-06-19T04:32:01.621Z] GET /api-docs/swagger-ui-standalone-preset.js 304 {}
[2025-06-19T04:32:01.652Z] GET /api-docs/favicon-32x32.png 304 {}
[2025-06-19T04:32:01.753Z] GET /api-docs/ 304 {}
[2025-06-19T04:32:01.763Z] GET /api-docs/swagger-ui-init.js 304 {}
[2025-06-19T04:32:01.764Z] GET /api-docs/swagger-ui.css 304 {}
[2025-06-19T04:32:01.764Z] GET /api-docs/swagger-ui-bundle.js 304 {}
[2025-06-19T04:32:01.765Z] GET /api-docs/swagger-ui-standalone-preset.js 304 {}
[2025-06-19T04:32:01.800Z] GET /api-docs/favicon-32x32.png 304 {}
[2025-06-19T04:35:40.475Z] GET /api-docs/ 304 {}
[2025-06-19T04:35:40.491Z] GET /api-docs/swagger-ui.css 304 {}
[2025-06-19T04:35:40.491Z] GET /api-docs/swagger-ui-bundle.js 304 {}
[2025-06-19T04:35:40.493Z] GET /api-docs/swagger-ui-standalone-preset.js 304 {}
[2025-06-19T04:35:40.497Z] GET /api-docs/swagger-ui-init.js 200 {}
[2025-06-19T04:35:40.625Z] GET /api-docs/favicon-32x32.png 304 {}
[2025-06-19T04:35:42.723Z] GET /api/user-roles?page=1&limit=10 200 {}
[2025-06-19T04:35:44.179Z] GET /api/user-roles?page=1&limit=10 304 {}
[2025-06-19T04:35:44.707Z] GET /api/user-roles?page=1&limit=10 304 {}
[2025-06-19T04:35:45.111Z] GET /api/user-roles?page=1&limit=10 304 {}
[2025-06-19T04:35:56.720Z] POST /api/user-roles 201 {"name":"administrator","isEnabled":true}
[2025-06-19T04:36:03.428Z] POST /api/user-roles 201 {"name":"instructor","isEnabled":true}
[2025-06-19T04:36:07.023Z] POST /api/user-roles 201 {"name":"student","isEnabled":true}
[2025-06-19T04:36:10.560Z] GET /api/user-roles?page=1&limit=10 200 {}
[2025-09-25T05:33:53.752Z] GET /api-docs 301 {}
[2025-09-25T05:33:56.558Z] GET /api-docs/ 200 {}
[2025-09-25T05:45:38.964Z] GET /api-docs 301 {}
[2025-09-25T05:50:51.099Z] GET / 404 {}
[2025-09-25T05:50:55.308Z] GET /api-docs/ 200 {}
[2025-09-25T05:50:55.332Z] GET /api-docs/swagger-ui.css 200 {}
[2025-09-25T05:50:55.334Z] GET /api-docs/swagger-ui-init.js 200 {}
[2025-09-25T05:50:55.339Z] GET /api-docs/swagger-ui-standalone-preset.js 200 {}
[2025-09-25T05:50:55.343Z] GET /api-docs/swagger-ui-bundle.js 200 {}
[2025-09-25T05:50:55.447Z] GET /api-docs/favicon-16x16.png - {}
[2025-09-25T05:53:20.587Z] GET /api-docs 301 {}
[2025-09-25T05:53:24.103Z] GET /api-docs/ 200 {}
[2025-09-25T05:54:08.217Z] GET /api-docs/ 304 {}
[2025-09-25T05:54:08.230Z] GET /api-docs/swagger-ui.css 304 {}
[2025-09-25T05:54:08.232Z] GET /api-docs/swagger-ui-bundle.js 304 {}
[2025-09-25T05:54:08.233Z] GET /api-docs/swagger-ui-standalone-preset.js 304 {}
[2025-09-25T05:54:08.235Z] GET /api-docs/swagger-ui-init.js 200 {}
[2025-09-25T05:54:08.317Z] GET /api-docs/favicon-16x16.png - {}
[2025-09-25T06:03:52.821Z] GET /api-docs/ 304 {}
[2025-09-25T06:03:52.839Z] GET /api-docs/swagger-ui.css 304 {}
[2025-09-25T06:03:52.840Z] GET /api-docs/swagger-ui-bundle.js 304 {}
[2025-09-25T06:03:52.842Z] GET /api-docs/swagger-ui-standalone-preset.js 304 {}
[2025-09-25T06:03:52.843Z] GET /api-docs/swagger-ui-init.js 200 {}
[2025-09-25T06:03:52.927Z] GET /api-docs/favicon-16x16.png - {}
[2025-09-25T06:04:34.585Z] GET /api-docs/ 200 {}
[2025-09-26T02:10:05.055Z] POST /api/auth/signin 200 {"email":"student@example.com","password":"Password123!"}
[2025-09-26T02:10:05.065Z] POST /api/auth/signin 200 {"email":"student@example.com","password":"wrongpassword"}
[2025-09-26T02:10:05.068Z] POST /api/auth/signin 200 {"email":"nonexistent@example.com","password":"Password123!"}
[2025-09-26T02:10:05.069Z] POST /api/auth/signin 400 {"email":"invalid-email","password":"Password123!"}
[2025-09-26T02:10:05.071Z] POST /api/auth/signin 400 {}
[2025-09-26T02:10:05.126Z] POST /api/auth/signup 201 {"firstName":"Test","lastName":"User","email":"newuser@example.com","password":"Password123!","userRoleId":2}
[2025-09-26T02:10:05.170Z] POST /api/auth/signup 201 {"firstName":"Test","lastName":"User","email":"student@example.com","password":"Password123!","userRoleId":2}
[2025-09-26T02:10:05.172Z] POST /api/auth/signup 400 {"firstName":"Test","lastName":"User","email":"invalid-email","password":"Password123!","userRoleId":2}
[2025-09-26T02:10:05.216Z] POST /api/auth/signup 201 {"firstName":"Test","lastName":"User","email":"testuser@example.com","password":"123","userRoleId":2}
[2025-09-26T02:10:05.218Z] POST /api/auth/signup 400 {}
[2025-09-26T02:10:59.369Z] POST /api/auth/signin 200 {"email":"student@example.com","password":"wrongpassword"}
[2025-09-26T02:10:59.378Z] POST /api/auth/signin 200 {"email":"nonexistent@example.com","password":"Password123!"}
[2025-09-26T02:10:59.380Z] POST /api/auth/signin 400 {"email":"invalid-email","password":"Password123!"}
[2025-09-26T02:10:59.383Z] POST /api/auth/signin 400 {}
[2025-09-26T02:10:59.385Z] POST /api/auth/signup 201 {"firstName":"Test","lastName":"User","email":"newuser@example.com","password":"Password123!","userRoleId":2}
[2025-09-26T02:10:59.388Z] POST /api/auth/signup 201 {"firstName":"Test","lastName":"User","email":"student@example.com","password":"Password123!","userRoleId":2}
[2025-09-26T02:10:59.390Z] POST /api/auth/signup 400 {"firstName":"Test","lastName":"User","email":"invalid-email","password":"Password123!","userRoleId":2}
[2025-09-26T02:10:59.394Z] POST /api/auth/signup 201 {"firstName":"Test","lastName":"User","email":"testuser@example.com","password":"123","userRoleId":2}
[2025-09-26T02:10:59.396Z] POST /api/auth/signup 400 {}
[2025-09-26T05:20:44.516Z] GET /api-docs/ 200 {}
[2025-10-06T04:08:57.338Z] GET /api/student-progress/stats/me 500 {}
[2025-10-06T04:08:57.378Z] GET /api/grades/me 200 {}
[2025-10-06T04:08:57.384Z] GET /api/assessment-submissions/history/me 200 {}
[2025-10-06T04:09:02.419Z] GET /api/student-progress/stats/me 500 {}
[2025-10-06T04:09:02.433Z] GET /api/grades/me 304 {}
[2025-10-06T04:09:02.450Z] GET /api/assessment-submissions/history/me 304 {}
[2025-10-06T04:09:11.859Z] GET /api/modules 200 {}
[2025-10-06T04:09:13.073Z] GET /api/modules 304 {}
[2025-10-06T04:10:23.588Z] GET /api/modules 304 {}
[2025-10-06T04:10:34.463Z] GET /api/modules 304 {}
[2025-10-06T04:12:04.483Z] GET /api/modules 304 {}
[2025-10-06T04:12:17.502Z] GET /api/modules 304 {}
[2025-10-06T04:20:16.492Z] GET /api/modules 304 {}
[2025-10-06T04:20:29.195Z] GET /api/modules 304 {}
[2025-10-06T04:21:38.573Z] GET /api/modules 304 {}
[2025-10-06T04:22:00.419Z] GET /api/modules 304 {}
[2025-10-06T04:22:35.532Z] GET /api/modules 304 {}
[2025-10-06T04:24:02.679Z] GET /api/modules 200 {}
[2025-10-06T04:24:14.425Z] GET /api/student-progress/stats/me 500 {}
[2025-10-06T04:24:14.444Z] GET /api/grades/me 304 {}
[2025-10-06T04:24:14.450Z] GET /api/assessment-submissions/history/me 304 {}
[2025-10-06T04:24:17.284Z] GET /api/modules 304 {}
[2025-10-06T04:24:46.588Z] GET /api/grades/me 304 {}
[2025-10-06T04:24:47.496Z] GET /api/analytics/me 200 {}
[2025-10-06T04:24:47.991Z] GET /api/student-progress/me 500 {}
[2025-10-06T04:24:52.872Z] GET /api/gamification/me 200 {}
[2025-10-06T04:24:52.890Z] GET /api/gamification/leaderboard 304 {}
[2025-10-06T04:24:52.909Z] GET /api/gamification/top-performers 304 {}
[2025-10-06T04:24:52.925Z] GET /api/gamification/rank/me 304 {}
[2025-10-06T04:24:53.803Z] GET /api/assessment-submissions/me 200 {}
[2025-10-06T04:24:53.817Z] GET /api/assessment-submissions/history/me 304 {}
[2025-10-06T04:25:00.015Z] GET /api/modules 304 {}
[2025-10-06T04:25:02.082Z] GET /api/modules 200 {}
[2025-10-06T04:25:10.617Z] GET /api/modules 304 {}
[2025-10-06T04:25:21.611Z] GET /api/modules 304 {}
[2025-10-06T04:25:33.532Z] GET /api/modules 304 {}
[2025-10-06T04:25:37.020Z] GET /api/student-progress/stats/me 500 {}
[2025-10-06T04:25:37.030Z] GET /api/grades/me 304 {}
[2025-10-06T04:25:37.041Z] GET /api/assessment-submissions/history/me 304 {}
[2025-10-06T04:25:41.014Z] GET /api/modules 304 {}
[2025-10-06T04:25:41.607Z] GET /api/grades/me 304 {}
[2025-10-06T04:25:42.049Z] GET /api/analytics/me 304 {}
[2025-10-06T04:25:42.831Z] GET /api/modules 304 {}
[2025-10-06T04:25:43.595Z] GET /api/modules 304 {}
[2025-10-06T04:26:16.561Z] GET /api/modules 304 {}
[2025-10-06T04:26:16.591Z] GET /api/activities 404 {}
[2025-10-06T04:27:32.214Z] GET /api/modules 304 {}
[2025-10-06T04:27:32.228Z] GET /api/activities 404 {}
[2025-10-06T04:28:09.519Z] GET /api/modules 304 {}
[2025-10-06T04:32:02.587Z] GET /api/modules 304 {}
[2025-10-06T04:32:11.149Z] GET /api/modules 200 {}
[2025-10-06T05:01:18.539Z] GET /api/modules 403 {}
[2025-10-06T05:01:21.389Z] GET /api/system/healthcheck 304 {}
[2025-10-06T05:01:22.528Z] POST /api/auth/signin 200 {"email":"john.doe@student.com","password":"Password123!","userType":"student"}
[2025-10-06T05:01:22.580Z] GET /api/student-progress/stats/me 500 {}
[2025-10-06T05:01:22.583Z] GET /api/grades/me 304 {}
[2025-10-06T05:01:22.593Z] GET /api/assessment-submissions/history/me 304 {}
[2025-10-06T05:01:24.111Z] GET /api/modules 200 {}
[2025-10-06T05:04:12.500Z] GET /api/modules 304 {}
[2025-10-06T05:04:15.708Z] GET /api/modules 200 {}
[2025-10-10T00:22:46.930Z] GET / 404 {}
[2025-10-10T00:22:50.386Z] GET /api-docs/ 200 {}
[2025-10-10T00:22:50.433Z] GET /api-docs/swagger-ui-init.js 200 {}
[2025-10-10T00:22:50.438Z] GET /api-docs/swagger-ui.css 200 {}
[2025-10-10T00:22:50.457Z] GET /api-docs/swagger-ui-standalone-preset.js 200 {}
[2025-10-10T00:22:50.518Z] GET /api-docs/swagger-ui-bundle.js 200 {}
[2025-10-10T00:22:50.642Z] GET /api-docs/favicon-16x16.png 200 {}
[2025-10-10T00:28:50.067Z] GET /api/system/healthcheck 200 {}
[2025-10-10T00:28:54.985Z] GET /api/system/healthcheck 304 {}
[2025-10-10T00:41:20.244Z] POST /api/auth/signin 200 {"email":"admin@virtubuild.com","password":"Password123!","userType":"student"}
[2025-10-10T00:41:20.289Z] GET /api/system/healthcheck 304 {}
[2025-10-10T00:41:25.977Z] POST /api/auth/signin 200 {"email":"admin@virtubuild.com","password":"Password123!","userType":"student"}
[2025-10-10T00:41:26.014Z] GET /api/system/healthcheck 304 {}
[2025-10-10T00:41:31.443Z] GET /api/system/healthcheck 304 {}
[2025-10-10T00:41:35.653Z] POST /api/auth/signin 200 {"email":"admin@virtubuild.com","password":"Password123!","userType":"student"}
[2025-10-10T00:41:35.679Z] GET /api/system/healthcheck 304 {}
[2025-10-10T00:47:58.723Z] POST /api/auth/signin 200 {"email":"admin@virtubuild.com","password":"Password123!","userType":"student"}
[2025-10-10T00:47:58.766Z] GET /api/system/healthcheck 304 {}
[2025-10-10T00:48:29.680Z] POST /api/auth/signin 200 {"email":"admin@virtubuild.com","password":"Password123!","userType":"admin"}
[2025-10-10T00:48:29.718Z] GET /api/system/healthcheck 304 {}
[2025-10-10T00:49:38.558Z] GET /api/system/healthcheck 304 {}
[2025-10-10T00:49:52.695Z] GET /api/system/healthcheck 304 {}
[2025-10-10T00:49:56.079Z] GET /api/system/healthcheck 304 {}
[2025-10-10T00:50:00.955Z] GET /api/system/healthcheck 304 {}
[2025-10-10T00:50:09.608Z] GET /api/system/healthcheck 304 {}
[2025-10-10T00:52:21.867Z] GET /api/system/healthcheck 304 {}
[2025-10-10T00:52:26.627Z] POST /api/auth/signin 200 {"email":"admin@virtubuild.com","password":"Password123!"}
[2025-10-10T00:52:26.692Z] GET /api/admin/dashboard/stats 500 {}
[2025-10-10T00:54:27.616Z] GET /api/admin/dashboard/stats 500 {}
[2025-10-10T01:05:27.210Z] GET /api/admin/dashboard/stats 500 {}
[2025-10-10T01:08:07.510Z] GET /api/admin/dashboard/stats 500 {}
[2025-10-10T01:08:41.131Z] GET /api/admin/dashboard/stats 500 {}
[2025-10-10T01:09:15.628Z] GET /api/admin/dashboard/stats 200 {}
[2025-10-10T01:11:11.405Z] GET /api/admin/dashboard/stats 200 {}
[2025-10-10T01:15:19.557Z] GET /api/admin/dashboard/stats 304 {}
[2025-10-10T01:16:01.567Z] GET /api/admin/dashboard/stats 304 {}
[2025-10-10T01:16:04.531Z] GET /api/admin/dashboard/stats 304 {}
[2025-10-10T01:16:07.855Z] GET /api/admin/dashboard/stats 304 {}
[2025-10-10T01:17:33.814Z] GET /api/admin/dashboard/stats 304 {}
[2025-10-10T01:18:52.841Z] GET /api/admin/dashboard/stats 200 {}
[2025-10-10T01:29:31.736Z] GET /api/admin/dashboard/stats 304 {}
[2025-10-10T01:29:41.648Z] GET /api/admin/dashboard/stats 304 {}
[2025-10-10T01:30:15.503Z] GET /api/admin/dashboard/stats 304 {}
[2025-10-10T01:33:29.416Z] GET /api/admin/dashboard/stats 304 {}
[2025-10-10T01:33:30.535Z] GET /api/admin/dashboard/stats 304 {}
[2025-10-10T01:33:31.804Z] GET /api/admin/dashboard/stats 304 {}
[2025-10-10T01:41:26.293Z] GET /api/admin/dashboard/stats 304 {}
[2025-10-10T01:42:12.686Z] GET /api/admin/users 200 {}
[2025-10-10T01:42:18.856Z] GET /api/admin/lab-activities 500 {}
[2025-10-10T01:42:28.744Z] GET /api/admin/assessments 500 {}
[2025-10-10T01:45:27.753Z] GET /api/admin/lab-activities 500 {}
[2025-10-10T01:45:41.242Z] GET /api/system/healthcheck 200 {}
[2025-10-10T01:46:28.748Z] GET /api/admin/lab-activities 200 {}
[2025-10-10T01:46:34.779Z] GET /api/admin/assessments 200 {}
[2025-10-10T01:46:40.016Z] GET /api/admin/lab-activities 200 {}
[2025-10-10T01:52:48.062Z] GET /api/admin/dashboard/stats 200 {}
[2025-10-10T01:52:51.075Z] GET /api/admin/users 200 {}
[2025-10-10T01:52:51.092Z] GET /api/admin/user-roles 200 {}
[2025-10-10T01:52:52.776Z] GET /api/admin/users 304 {}
[2025-10-10T01:52:52.783Z] GET /api/admin/user-roles 304 {}
[2025-10-10T02:29:19.483Z] GET /api/admin/lab-activities 200 {}
[2025-10-10T02:29:24.084Z] GET /api/admin/assessments 200 {}
[2025-10-10T02:29:26.348Z] GET /api/admin/lab-activities 304 {}
[2025-10-10T02:31:33.080Z] GET /api/admin/lab-activities 304 {}
[2025-10-10T02:31:42.369Z] GET /api/admin/lab-activities 304 {}
[2025-10-10T02:32:04.375Z] GET /api/admin/lab-activities 304 {}
[2025-10-10T02:38:25.259Z] GET /api/admin/assessments 200 {}
[2025-10-10T02:38:26.189Z] GET /api/admin/lab-activities 200 {}
[2025-10-10T02:38:41.832Z] GET /api/admin/assessments 304 {}
[2025-10-10T02:38:49.624Z] GET /api/admin/lab-activities 304 {}
[2025-10-10T02:38:55.386Z] GET /api/admin/assessments 304 {}
[2025-10-10T02:39:06.325Z] GET /api/admin/assessments 304 {}
[2025-10-10T02:39:11.968Z] GET /api/admin/lab-activities 304 {}
[2025-10-10T02:39:56.631Z] GET /api/admin/assessments 304 {}
[2025-10-10T02:40:03.231Z] GET /api/admin/assessments 304 {}
[2025-10-10T02:40:12.297Z] GET /api/admin/assessments 304 {}
[2025-10-10T03:07:34.090Z] GET /api/system/healthcheck 200 {}
[2025-10-10T03:12:13.639Z] POST /api/auth/signin 200 {"email":"admin@virtubuild.com","password":"Password123!"}
[2025-10-10T03:12:13.814Z] GET /api/admin/dashboard/stats 200 {}
[2025-10-10T03:12:21.332Z] GET /api/admin/users 200 {}
[2025-10-10T03:12:21.343Z] GET /api/admin/user-roles 200 {}
[2025-10-10T03:12:22.358Z] GET /api/admin/lab-activities 200 {}
[2025-10-10T03:12:35.772Z] GET /api-docs 301 {}
[2025-10-10T03:12:35.777Z] GET /api-docs/ 200 {}
[2025-10-10T03:12:35.800Z] GET /api-docs/swagger-ui-init.js 200 {}
[2025-10-10T03:12:35.806Z] GET /api-docs/swagger-ui.css 200 {}
[2025-10-10T03:12:35.810Z] GET /api-docs/swagger-ui-standalone-preset.js 200 {}
[2025-10-10T03:12:35.815Z] GET /api-docs/swagger-ui-bundle.js 200 {}
[2025-10-10T03:12:36.033Z] GET /api-docs/favicon-32x32.png 200 {}
[2025-10-10T03:13:01.811Z] GET /api/system/healthcheck 304 {}
[2025-10-10T03:13:14.284Z] POST /api/auth/signin 200 {"email":"admin@virtubuild.com","password":"Password`123"}
[2025-10-10T03:13:55.477Z] POST /api/auth/signin 401 {"email":"admin@virtubuild.com","password":"Password`123!"}
[2025-10-10T03:13:56.593Z] POST /api/auth/signin 401 {"email":"admin@virtubuild.com","password":"Password`123!"}
[2025-10-10T03:14:56.511Z] GET /api/system/healthcheck 304 {}
[2025-10-10T03:15:07.764Z] GET /api/system/healthcheck 304 {}
[2025-10-10T03:15:15.454Z] GET /api/system/healthcheck 304 {}
[2025-10-10T03:16:58.634Z] POST /api/auth/signin 401 {"email":"admin@virtubuild.com","password":"Password123!!"}
[2025-10-10T03:17:02.788Z] POST /api/auth/signin 200 {"email":"admin@virtubuild.com","password":"Password123!"}
[2025-10-10T03:17:02.933Z] GET /api/admin/dashboard/stats 304 {}
[2025-10-10T03:17:07.594Z] GET /api/admin/users 200 {}
[2025-10-10T03:17:07.609Z] GET /api/admin/user-roles 200 {}
[2025-10-10T03:17:46.636Z] POST /api/admin/users 201 {"firstName":"student 1","lastName":"student 1","email":"student1@example.com","password":"passwordddddddd","userRoleId":1}
[2025-10-10T03:17:46.647Z] GET /api/admin/users 200 {}
[2025-10-10T03:17:46.658Z] GET /api/admin/user-roles 200 {}
[2025-10-10T03:17:51.103Z] GET /api/admin/users 304 {}
[2025-10-10T03:17:51.121Z] GET /api/admin/user-roles 304 {}
[2025-10-10T03:18:07.259Z] GET /health 404 {}
[2025-10-10T03:18:11.906Z] POST /auth/signin 404 {"email":"admin@virtubuild.com","password":"Password123!"}
[2025-10-10T03:18:19.286Z] POST /auth/signin 404 {"email":"admin@virtubuild.com","password":"Password123!"}
[2025-10-10T03:18:43.403Z] GET /api/api/users?page=1&limit=10 404 {}
[2025-10-10T03:18:44.762Z] GET /api/api/users?page=1&limit=10 404 {}
[2025-10-10T03:18:46.895Z] GET /api/api/users?page=1&limit=10 404 {}
[2025-10-10T03:19:17.400Z] GET /api-docs/ 304 {}
[2025-10-10T03:19:18.181Z] GET /api-docs/swagger-ui.css 304 {}
[2025-10-10T03:19:18.181Z] GET /api-docs/swagger-ui-bundle.js 304 {}
[2025-10-10T03:19:18.184Z] GET /api-docs/swagger-ui-standalone-preset.js 304 {}
[2025-10-10T03:19:18.187Z] GET /api-docs/swagger-ui-init.js 200 {}
[2025-10-10T03:19:18.561Z] GET /api-docs/favicon-32x32.png 304 {}
[2025-10-10T03:19:25.868Z] GET /api/admin/users 304 {}
[2025-10-10T03:19:25.894Z] GET /api/admin/user-roles 304 {}
[2025-10-10T03:19:58.252Z] GET /api/users?page=1&limit=10 401 {}
[2025-10-10T03:19:59.937Z] GET /api-docs/ 304 {}
[2025-10-10T03:19:59.954Z] GET /api-docs/swagger-ui.css 304 {}
[2025-10-10T03:19:59.955Z] GET /api-docs/swagger-ui-bundle.js 304 {}
[2025-10-10T03:19:59.957Z] GET /api-docs/swagger-ui-standalone-preset.js 304 {}
[2025-10-10T03:19:59.960Z] GET /api-docs/swagger-ui-init.js 304 {}
[2025-10-10T03:20:00.047Z] GET /api-docs/favicon-32x32.png 304 {}
[2025-10-10T03:20:03.161Z] GET /api/users?page=1&limit=10 401 {}
[2025-10-10T03:20:24.235Z] GET /api/admin/users 304 {}
[2025-10-10T03:20:24.278Z] GET /api/admin/user-roles 304 {}
[2025-10-10T03:23:36.181Z] GET /api/admin/users 304 {}
[2025-10-10T03:23:36.294Z] GET /api/admin/user-roles 304 {}
[2025-10-10T03:24:22.703Z] GET /api/admin/users 304 {}
[2025-10-10T03:24:22.729Z] GET /api/admin/user-roles 304 {}
[2025-10-10T03:25:21.699Z] GET /api/admin/users 304 {}
[2025-10-10T03:25:21.717Z] GET /api/admin/user-roles 304 {}
[2025-10-10T03:25:27.966Z] GET /api/admin/users 304 {}
[2025-10-10T03:25:27.975Z] GET /api/admin/user-roles 304 {}
[2025-10-10T03:25:38.395Z] GET /api/admin/users 304 {}
[2025-10-10T03:25:38.409Z] GET /api/admin/user-roles 304 {}
[2025-10-10T03:26:06.032Z] GET /api/admin/users 304 {}
[2025-10-10T03:26:06.040Z] GET /api/admin/user-roles 304 {}
[2025-10-10T03:26:15.884Z] GET /api/admin/users 304 {}
[2025-10-10T03:26:15.890Z] GET /api/admin/user-roles 304 {}
[2025-10-10T03:30:16.093Z] GET /api/admin/users 304 {}
[2025-10-10T03:30:16.112Z] GET /api/admin/user-roles 304 {}
[2025-10-10T03:30:32.572Z] PUT /api/admin/users/9 200 {"createdAt":"2025-10-10T03:17:46.630Z","updatedAt":"2025-10-10T03:17:46.630Z","deletedAt":null,"id":9,"userRoleId":1,"userRole":{"createdAt":"2025-10-10T03:17:39.932Z","updatedAt":"2025-10-10T03:17:39.932Z","deletedAt":null,"id":1,"name":"student","isEnabled":true},"firstName":"student 1","middleName":null,"lastName":"student 1","email":"student1@example.com","password":"$argon2id$v=19$m=65536,t=3,p=4$YyeHO/gYE/zvSFuFi7lWmQ$6kcCXurEyKbkm0oXVShz+GM532DJJ4i2FEjaoL+L9dk","isEnabled":true,"isEmailVerified":false,"twoFactorEnabled":false,"twoFactorSecret":null,"lastLoginAt":null,"lastLoginIp":null,"failedLoginAttempts":0,"lockedUntil":null,"passwordResetToken":null,"passwordResetExpires":null,"emailVerificationToken":null,"emailVerificationExpires":null}
[2025-10-10T03:30:32.582Z] GET /api/admin/users 200 {}
[2025-10-10T03:30:32.592Z] GET /api/admin/user-roles 304 {}
[2025-10-10T03:30:50.710Z] GET /api/admin/users 304 {}
[2025-10-10T03:30:50.720Z] GET /api/admin/user-roles 304 {}
[2025-10-10T03:31:33.587Z] GET /api/admin/users 304 {}
[2025-10-10T03:31:33.593Z] GET /api/admin/user-roles 304 {}
[2025-10-10T03:31:56.759Z] GET /api/admin/users 304 {}
[2025-10-10T03:31:56.784Z] GET /api/admin/user-roles 304 {}
[2025-10-10T03:32:05.588Z] GET /api/admin/users 304 {}
[2025-10-10T03:32:05.626Z] GET /api/admin/user-roles 304 {}
[2025-10-10T03:37:07.028Z] PUT /api/admin/users/7 200 {"createdAt":"2025-10-10T03:17:40.301Z","updatedAt":"2025-10-10T03:17:40.301Z","deletedAt":null,"id":7,"userRoleId":2,"userRole":{"createdAt":"2025-10-10T03:17:39.937Z","updatedAt":"2025-10-10T03:17:39.937Z","deletedAt":null,"id":2,"name":"instructor","isEnabled":true},"firstName":"Prof. Robert","middleName":null,"lastName":"Miller","email":"robert.miller@instructor.com","password":"$argon2id$v=19$m=65536,t=3,p=4$pEh7oraQ4WW18VpdG8XR2w$6LKckEY1JpKseYpZ41BdoVpp5ttwgE5kyTEDCS1ssD0","isEnabled":false,"isEmailVerified":false,"twoFactorEnabled":false,"twoFactorSecret":null,"lastLoginAt":null,"lastLoginIp":null,"failedLoginAttempts":0,"lockedUntil":null,"passwordResetToken":null,"passwordResetExpires":null,"emailVerificationToken":null,"emailVerificationExpires":null}
[2025-10-10T03:37:07.048Z] GET /api/admin/users 200 {}
[2025-10-10T03:37:07.099Z] GET /api/admin/user-roles 304 {}
[2025-10-10T03:37:08.326Z] PUT /api/admin/users/7 200 {"createdAt":"2025-10-10T03:17:40.301Z","updatedAt":"2025-10-10T03:37:07.021Z","deletedAt":null,"id":7,"userRoleId":2,"userRole":{"createdAt":"2025-10-10T03:17:39.937Z","updatedAt":"2025-10-10T03:17:39.937Z","deletedAt":null,"id":2,"name":"instructor","isEnabled":true},"firstName":"Prof. Robert","middleName":null,"lastName":"Miller","email":"robert.miller@instructor.com","password":"$argon2id$v=19$m=65536,t=3,p=4$iUlAER/H6Es+sg6nDJn3SQ$zHOUoQiDfLwE66XXjqNlcYxOoEwmNOPUu2Tfij4zXJ4","isEnabled":true,"isEmailVerified":false,"twoFactorEnabled":false,"twoFactorSecret":null,"lastLoginAt":null,"lastLoginIp":null,"failedLoginAttempts":0,"lockedUntil":null,"passwordResetToken":null,"passwordResetExpires":null,"emailVerificationToken":null,"emailVerificationExpires":null}
[2025-10-10T03:37:08.332Z] GET /api/admin/users 200 {}
[2025-10-10T03:37:08.337Z] GET /api/admin/user-roles 304 {}
[2025-10-10T03:37:09.018Z] PUT /api/admin/users/7 200 {"createdAt":"2025-10-10T03:17:40.301Z","updatedAt":"2025-10-10T03:37:08.324Z","deletedAt":null,"id":7,"userRoleId":2,"userRole":{"createdAt":"2025-10-10T03:17:39.937Z","updatedAt":"2025-10-10T03:17:39.937Z","deletedAt":null,"id":2,"name":"instructor","isEnabled":true},"firstName":"Prof. Robert","middleName":null,"lastName":"Miller","email":"robert.miller@instructor.com","password":"$argon2id$v=19$m=65536,t=3,p=4$HBBKvh7sS7IxHnoYqR+DsQ$oiEuGf9aqQSoen2pEooNTzAFL4iesFGebzVbsb3QryM","isEnabled":false,"isEmailVerified":false,"twoFactorEnabled":false,"twoFactorSecret":null,"lastLoginAt":null,"lastLoginIp":null,"failedLoginAttempts":0,"lockedUntil":null,"passwordResetToken":null,"passwordResetExpires":null,"emailVerificationToken":null,"emailVerificationExpires":null}
[2025-10-10T03:37:09.026Z] GET /api/admin/users 200 {}
[2025-10-10T03:37:09.031Z] GET /api/admin/user-roles 304 {}
[2025-10-10T03:37:09.595Z] PUT /api/admin/users/7 200 {"createdAt":"2025-10-10T03:17:40.301Z","updatedAt":"2025-10-10T03:37:09.016Z","deletedAt":null,"id":7,"userRoleId":2,"userRole":{"createdAt":"2025-10-10T03:17:39.937Z","updatedAt":"2025-10-10T03:17:39.937Z","deletedAt":null,"id":2,"name":"instructor","isEnabled":true},"firstName":"Prof. Robert","middleName":null,"lastName":"Miller","email":"robert.miller@instructor.com","password":"$argon2id$v=19$m=65536,t=3,p=4$SMUdZPF7556hyfFg0kPA3g$dUCotv4ivVNTv9e4z95uMEtuO0djAAiBxYzFxHzEHPM","isEnabled":true,"isEmailVerified":false,"twoFactorEnabled":false,"twoFactorSecret":null,"lastLoginAt":null,"lastLoginIp":null,"failedLoginAttempts":0,"lockedUntil":null,"passwordResetToken":null,"passwordResetExpires":null,"emailVerificationToken":null,"emailVerificationExpires":null}
[2025-10-10T03:37:09.602Z] GET /api/admin/users 200 {}
[2025-10-10T03:37:09.606Z] GET /api/admin/user-roles 304 {}
[2025-10-10T03:37:35.473Z] GET /api/admin/lab-activities 200 {}
[2025-10-10T03:37:44.027Z] DELETE /api/admin/lab-activities/13 200 {}
[2025-10-10T03:37:44.036Z] GET /api/admin/lab-activities 200 {}
[2025-10-10T03:37:45.540Z] DELETE /api/admin/lab-activities/12 200 {}
[2025-10-10T03:37:45.549Z] GET /api/admin/lab-activities 200 {}
[2025-10-10T03:37:48.945Z] DELETE /api/admin/lab-activities/11 200 {}
[2025-10-10T03:37:48.950Z] GET /api/admin/lab-activities 200 {}
[2025-10-10T03:37:50.641Z] DELETE /api/admin/lab-activities/10 200 {}
[2025-10-10T03:37:50.653Z] GET /api/admin/lab-activities 200 {}
[2025-10-10T03:37:52.993Z] DELETE /api/admin/lab-activities/9 200 {}
[2025-10-10T03:37:53.000Z] GET /api/admin/lab-activities 200 {}
[2025-10-10T03:38:12.737Z] GET /api/admin/assessments 200 {}
[2025-10-10T03:38:14.861Z] DELETE /api/admin/assessments/2 500 {}
[2025-10-10T03:38:17.329Z] DELETE /api/admin/assessments/1 500 {}
[2025-10-10T03:38:23.717Z] DELETE /api/admin/assessments/2 500 {}
[2025-10-10T03:40:12.415Z] GET /api/admin/assessments 304 {}
[2025-10-10T03:40:54.816Z] GET /api/admin/assessments 304 {}
[2025-10-10T03:43:42.928Z] DELETE /api/admin/assessments/2 500 {}
[2025-10-10T03:43:44.215Z] GET /api/admin/assessments 304 {}
[2025-10-10T03:43:47.062Z] DELETE /api/admin/assessments/2 500 {}
[2025-10-10T03:44:08.842Z] GET /api/admin/assessments 304 {}
[2025-10-10T03:57:38.221Z] GET /api/admin/assessments 200 {}
[2025-10-10T03:57:43.351Z] GET /api/admin/assessments/1/submissions 200 {}
[2025-10-10T03:59:24.108Z] GET /api/admin/assessments 200 {}
[2025-10-10T04:00:42.734Z] GET /api/admin/assessments 200 {}
[2025-10-10T04:00:50.101Z] GET /api/admin/assessments/1/submissions 200 {}
[2025-10-10T04:02:06.719Z] GET /api/admin/assessments 304 {}
[2025-10-10T04:02:10.092Z] GET /api/admin/assessments 304 {}
[2025-10-10T04:02:13.439Z] GET /api/admin/assessments 304 {}
[2025-10-10T04:04:06.233Z] GET /api/admin/assessments 304 {}
[2025-10-10T04:04:36.772Z] GET /api/admin/assessments/2/submissions 200 {}
[2025-10-10T04:05:43.165Z] GET /api/admin/assessments 304 {}
[2025-10-10T04:05:53.424Z] GET /api/admin/assessments 304 {}
[2025-10-10T04:14:27.014Z] GET /api/admin/assessments/2/submissions 200 {}
[2025-10-10T04:15:06.924Z] GET /api/admin/assessments 304 {}
[2025-10-10T04:15:24.092Z] GET /api/admin/assessments 304 {}
[2025-10-10T04:15:46.512Z] GET /api/admin/assessments 304 {}
[2025-10-10T04:15:55.018Z] GET /api/admin/assessments 304 {}
[2025-10-10T04:16:49.673Z] GET /api/admin/assessments 304 {}
[2025-10-10T04:16:55.139Z] GET /api/admin/assessments 304 {}
[2025-10-10T04:17:22.917Z] GET /api/admin/assessments 304 {}
[2025-10-10T04:17:36.408Z] GET /api/admin/assessments 304 {}
[2025-10-10T04:19:19.638Z] GET /api/admin/lab-activities 304 {}
[2025-10-10T04:19:19.795Z] GET /api/admin/assessments/2 500 {}
[2025-10-10T04:20:34.061Z] GET /api/admin/lab-activities 304 {}
[2025-10-10T04:20:34.114Z] GET /api/admin/assessments/2 200 {}
[2025-10-10T04:20:50.743Z] GET /api/admin/lab-activities 304 {}
[2025-10-10T04:20:50.784Z] GET /api/admin/assessments/2 304 {}
[2025-10-10T04:22:49.341Z] GET /api/admin/assessments 304 {}
[2025-10-10T04:22:50.922Z] GET /api/admin/lab-activities 304 {}
[2025-10-10T04:22:50.979Z] GET /api/admin/assessments/2 304 {}
[2025-10-10T04:22:56.236Z] PUT /api/admin/assessments/2 200 {"labActivityId":2,"title":"Memory Types Assessment","description":"Assess your understanding of different memory types and specifications","timeLimitMinutes":25,"isEnabled":true,"questions":[{"questionText":"Which type of memory is volatile?","questionType":"multiple_choice","options":[{"value":"ROM","isCorrect":false,"order":1},{"value":"RAM","isCorrect":true,"order":2},{"value":"SSD","isCorrect":false,"order":3},{"value":"HDD","isCorrect":false,"order":4}],"correctAnswer":1,"points":10,"explanation":"RAM (Random Access Memory) is volatile and loses data when power is removed."},{"questionText":"List the main types of RAM (separated by commas):","questionType":"enumeration","options":[{"value":"DDR4","isCorrect":true,"order":1},{"value":"DDR5","isCorrect":true,"order":2},{"value":"DDR3","isCorrect":true,"order":3},{"value":"SDRAM","isCorrect":true,"order":4}],"correctAnswer":0,"points":20,"explanation":"Main types include DDR3, DDR4, DDR5, and SDRAM."}]}
[2025-10-10T04:22:56.272Z] GET /api/admin/assessments 200 {}
[2025-10-10T04:22:57.502Z] GET /api/admin/lab-activities 304 {}
[2025-10-10T05:16:58.912Z] GET /api/admin/lab-activities 200 {}
[2025-10-10T05:22:35.693Z] GET /api/admin/lab-activities 200 {}
[2025-10-10T05:22:42.941Z] DELETE /api/admin/lab-activities/13 200 {}
[2025-10-10T05:22:42.953Z] GET /api/admin/lab-activities 200 {}
[2025-10-10T05:22:44.993Z] DELETE /api/admin/lab-activities/12 200 {}
[2025-10-10T05:22:45.009Z] GET /api/admin/lab-activities 200 {}
[2025-10-10T05:22:47.082Z] DELETE /api/admin/lab-activities/11 500 {}
[2025-10-10T05:29:16.625Z] GET /api/admin/lab-activities - {}
[2025-10-10T05:29:17.158Z] GET /api/admin/lab-activities 200 {}
[2025-10-10T05:30:32.149Z] GET /api/admin/lab-activities 304 {}
[2025-10-10T05:43:22.633Z] GET /api/admin/lab-activities 200 {}
[2025-10-10T05:43:29.962Z] GET /api/admin/assessments 200 {}
[2025-10-10T05:43:32.014Z] GET /api/admin/lab-activities 304 {}
[2025-10-10T06:05:35.240Z] GET /api/activities 403 {}
[2025-10-10T06:05:38.150Z] GET /api/system/healthcheck 304 {}
[2025-10-10T06:05:50.319Z] POST /api/auth/signin 200 {"email":"admin@virtubuild.com","password":"Password123!"}
[2025-10-10T06:05:50.398Z] GET /api/admin/dashboard/stats 200 {}
[2025-10-10T06:05:55.220Z] GET /api/admin/users 200 {}
[2025-10-10T06:05:55.230Z] GET /api/admin/user-roles 200 {}
[2025-10-10T06:05:56.483Z] GET /api/admin/users 304 {}
[2025-10-10T06:05:56.489Z] GET /api/admin/user-roles 304 {}
[2025-10-10T06:05:57.506Z] GET /api/activities 200 {}
[2025-10-10T06:07:20.793Z] GET /api/activities 304 {}
[2025-10-10T06:07:59.461Z] GET /api/admin/assessments 200 {}
[2025-10-10T06:08:11.949Z] GET /api/admin/assessments/5/submissions 200 {}
[2025-10-10T06:08:41.673Z] GET /api/activities 304 {}
[2025-10-10T06:08:45.418Z] PUT /api/activities/1 404 {"createdAt":"2025-10-10T06:04:50.726Z","updatedAt":"2025-10-10T06:04:50.726Z","deletedAt":null,"id":1,"title":"Module 1: Introduction to tools/components (e.g., screwdrivers, CPUs).","description":"- [ ] Identify tools on the table\n- [ ] Sort PC components (end of lab activity)","location":"Lab Room 101","capacity":"20 students","equipment":{"tools":["Screwdrivers","Anti-static wrist straps","Component trays"],"components":["CPUs","RAM modules","Motherboards","Storage devices","Power supplies"],"workstations":10},"componentsMetadata":null,"isEnabled":true}
[2025-10-10T06:08:47.413Z] PUT /api/activities/1 404 {"createdAt":"2025-10-10T06:04:50.726Z","updatedAt":"2025-10-10T06:04:50.726Z","deletedAt":null,"id":1,"title":"Module 1: Introduction to tools/components (e.g., screwdrivers, CPUs).","description":"- [ ] Identify tools on the table\n- [ ] Sort PC components (end of lab activity)","location":"Lab Room 101","capacity":"20 students","equipment":{"tools":["Screwdrivers","Anti-static wrist straps","Component trays"],"components":["CPUs","RAM modules","Motherboards","Storage devices","Power supplies"],"workstations":10},"componentsMetadata":null,"isEnabled":true}
[2025-10-10T06:10:30.728Z] PUT /api/activities/1 200 {"createdAt":"2025-10-10T06:04:50.726Z","updatedAt":"2025-10-10T06:04:50.726Z","deletedAt":null,"id":1,"title":"Module 1: Introduction to tools/components (e.g., screwdrivers, CPUs).","description":"- [ ] Identify tools on the table\n- [ ] Sort PC components (end of lab activity)","location":"Lab Room 101","capacity":"20 students","equipment":{"tools":["Screwdrivers","Anti-static wrist straps","Component trays"],"components":["CPUs","RAM modules","Motherboards","Storage devices","Power supplies"],"workstations":10},"componentsMetadata":null,"isEnabled":true}
[2025-10-10T06:10:30.741Z] GET /api/activities 200 {}
[2025-10-10T06:10:57.667Z] GET /api/activities 304 {}
[2025-10-10T06:16:22.014Z] GET /api/admin/assessments 304 {}
[2025-10-10T06:16:27.576Z] DELETE /api/admin/assessments/6 200 {}
[2025-10-10T06:16:27.596Z] GET /api/admin/assessments 200 {}
[2025-10-10T06:16:29.875Z] GET /api/admin/assessments/5/submissions 304 {}
[2025-10-10T06:17:07.892Z] GET /api/admin/assessments 304 {}
[2025-10-10T06:18:52.417Z] GET /api/activities 304 {}
[2025-10-10T06:19:15.872Z] POST /api/admin/assessments 201 {"labActivityId":"3","title":"2222","description":"12121212","timeLimitMinutes":45,"isEnabled":true,"questions":[{"questionText":"212121","questionType":"enumeration","options":[{"value":"Item 122222","isCorrect":true,"order":1},{"value":"Item 32222","isCorrect":true,"order":2},{"value":"222222","isCorrect":false,"order":3}],"correctAnswer":0,"points":15,"explanation":"232121212"}]}
[2025-10-10T06:19:15.915Z] GET /api/admin/assessments 200 {}
[2025-10-10T06:19:20.233Z] DELETE /api/admin/assessments/7 200 {}
[2025-10-10T06:19:20.248Z] GET /api/admin/assessments 200 {}
[2025-10-10T06:19:28.570Z] GET /api/admin/users 304 {}
[2025-10-10T06:19:28.625Z] GET /api/admin/user-roles 304 {}
[2025-10-10T06:19:30.293Z] GET /api/activities 304 {}
[2025-10-10T06:19:33.324Z] GET /api/admin/users 304 {}
[2025-10-10T06:19:33.331Z] GET /api/admin/user-roles 304 {}
[2025-10-13T04:07:45.627Z] GET /api/system/healthcheck 304 {}
[2025-10-13T04:09:27.720Z] POST /api/auth/signin 200 {"email":"robert.miller@instructor.com","password":"Password123!"}
[2025-10-13T07:17:03.982Z] GET /api/system/healthcheck 304 {}
[2025-10-13T07:17:19.389Z] POST /api/auth/signin 200 {"email":"emily.davis@instructor.com","password":"Password123!"}
[2025-10-13T07:17:37.859Z] GET /api/modules 200 {}
[2025-10-13T07:17:37.875Z] GET /api/activities 200 {}
[2025-10-13T07:17:56.902Z] GET /api/modules 304 {}
[2025-10-13T07:17:56.912Z] GET /api/activities 304 {}
[2025-10-13T07:18:49.575Z] GET /api/modules 304 {}
[2025-10-13T07:18:49.586Z] GET /api/activities 304 {}
[2025-10-13T07:18:56.309Z] GET /api/modules 304 {}
[2025-10-13T07:18:56.318Z] GET /api/activities 304 {}
[2025-10-13T07:18:58.087Z] GET /api/modules 304 {}
[2025-10-13T07:18:58.098Z] GET /api/activities 304 {}
[2025-10-13T07:23:43.978Z] GET /api/modules 304 {}
[2025-10-13T07:23:43.989Z] GET /api/activities 304 {}
[2025-10-13T07:23:50.027Z] GET /api/modules 200 {}
[2025-10-13T07:23:50.041Z] GET /api/activities 200 {}
[2025-10-13T07:23:51.994Z] GET /api/modules 200 {}
[2025-10-13T07:23:52.015Z] GET /api/activities 200 {}
[2025-10-13T07:27:13.894Z] GET /api/modules 200 {}
[2025-10-13T07:27:13.909Z] GET /api/activities 200 {}
[2025-10-13T07:28:27.297Z] GET /api/modules 200 {}
[2025-10-13T07:28:27.312Z] GET /api/activities 200 {}
[2025-10-13T07:31:42.171Z] GET /api/modules 200 {}
[2025-10-13T07:31:42.187Z] GET /api/activities 200 {}
[2025-10-13T07:31:43.807Z] GET /api/modules 200 {}
[2025-10-13T07:31:43.824Z] GET /api/activities 200 {}
[2025-10-13T07:32:50.282Z] GET /api/modules 200 {}
[2025-10-13T07:32:50.318Z] GET /api/activities 200 {}
[2025-10-13T07:33:48.433Z] GET /api/modules 200 {}
[2025-10-13T07:33:48.449Z] GET /api/activities 200 {}
[2025-10-13T07:33:49.298Z] GET /api/modules 200 {}
[2025-10-13T07:33:49.307Z] GET /api/activities 200 {}
[2025-10-13T07:33:50.663Z] GET /api/system/healthcheck 304 {}
[2025-10-13T07:33:53.696Z] POST /api/auth/signin 200 {"email":"admin@virtubuild.com","password":"Password123!"}
[2025-10-13T07:33:53.736Z] GET /api/admin/dashboard/stats 200 {}
[2025-10-13T07:33:55.256Z] GET /api/admin/users 200 {}
[2025-10-13T07:33:55.265Z] GET /api/admin/user-roles 200 {}
[2025-10-13T07:34:01.968Z] GET /api/admin/users 200 {}
[2025-10-13T07:34:01.974Z] GET /api/admin/user-roles 200 {}
[2025-10-13T07:34:02.769Z] GET /api/activities 200 {}
[2025-10-13T07:34:04.666Z] GET /api/admin/users 200 {}
[2025-10-13T07:34:04.674Z] GET /api/admin/user-roles 200 {}
[2025-10-13T07:34:05.733Z] GET /api/admin/users 200 {}
[2025-10-13T07:34:05.741Z] GET /api/admin/user-roles 200 {}
[2025-10-13T07:34:42.726Z] GET /api/system/healthcheck 200 {}
[2025-10-13T07:34:45.504Z] POST /api/auth/signin 200 {"email":"emily.davis@instructor.com","password":"Password123!"}
[2025-10-13T07:35:21.388Z] GET /api/modules 200 {}
[2025-10-13T07:35:21.398Z] GET /api/activities 200 {}
[2025-10-13T07:35:31.693Z] GET /api/modules 200 {}
[2025-10-13T07:35:31.703Z] GET /api/activities 200 {}
[2025-10-13T07:37:38.697Z] GET /api/activities/1 200 {}
[2025-10-13T07:37:38.709Z] GET /api/assessments/lab-activity/1 200 {}
[2025-10-13T07:37:41.019Z] GET /api/modules 200 {}
[2025-10-13T07:37:41.032Z] GET /api/activities 200 {}
[2025-10-13T07:37:42.180Z] GET /api/modules 200 {}
[2025-10-13T07:37:42.187Z] GET /api/activities 200 {}
[2025-10-13T07:37:43.208Z] GET /api/modules 200 {}
[2025-10-13T07:37:43.214Z] GET /api/activities 200 {}
[2025-10-13T07:37:50.871Z] GET /api/modules 200 {}
[2025-10-13T07:37:50.880Z] GET /api/activities 200 {}
[2025-10-13T07:37:51.546Z] GET /api/modules 200 {}
[2025-10-13T07:37:51.552Z] GET /api/activities 200 {}
[2025-10-13T07:38:29.036Z] GET /api/modules 200 {}
[2025-10-13T07:38:29.044Z] GET /api/activities 200 {}
[2025-10-13T07:40:31.653Z] GET /api/activities 200 {}
[2025-10-13T07:41:58.921Z] GET /api/activities 200 {}
[2025-10-13T07:42:00.915Z] GET /api/activities 200 {}
[2025-10-13T07:42:08.513Z] GET /api-docs/ 200 {}
[2025-10-13T07:42:08.557Z] GET /api-docs/swagger-ui-init.js 200 {}
[2025-10-13T07:42:08.558Z] GET /api-docs/swagger-ui.css 200 {}
[2025-10-13T07:42:08.560Z] GET /api-docs/swagger-ui-standalone-preset.js 200 {}
[2025-10-13T07:42:08.563Z] GET /api-docs/swagger-ui-bundle.js 200 {}
[2025-10-13T07:42:08.647Z] GET /api-docs/favicon-16x16.png 200 {}
[2025-10-13T07:48:34.299Z] GET /api/activities 200 {}
[2025-10-13T07:48:43.361Z] GET /api/assessments 200 {}
[2025-10-13T07:48:43.380Z] GET /api/activities/3 200 {}
[2025-10-13T07:48:43.383Z] GET /api/activities/2 200 {}
[2025-10-13T07:48:43.385Z] GET /api/activities/1 200 {}
[2025-10-13T07:50:38.756Z] GET /api/assessments 200 {}
[2025-10-13T07:50:38.785Z] GET /api/activities/1 200 {}
[2025-10-13T07:50:38.789Z] GET /api/activities/2 200 {}
[2025-10-13T07:50:38.790Z] GET /api/activities/3 200 {}
[2025-10-13T07:50:49.702Z] GET /api/activities 200 {}
[2025-10-13T07:50:50.960Z] GET /api/assessments 200 {}
[2025-10-13T07:50:50.967Z] GET /api/activities/1 200 {}
[2025-10-13T07:50:50.970Z] GET /api/activities/2 200 {}
[2025-10-13T07:50:50.976Z] GET /api/activities/3 200 {}
[2025-10-13T07:51:03.723Z] GET /api/activities 200 {}
[2025-10-13T07:51:05.145Z] GET /api/assessments 200 {}
[2025-10-13T07:51:05.154Z] GET /api/activities/1 200 {}
[2025-10-13T07:51:05.161Z] GET /api/activities/2 200 {}
[2025-10-13T07:51:05.166Z] GET /api/activities/3 200 {}
[2025-10-13T07:51:37.848Z] GET /api/activities 200 {}
[2025-10-13T07:51:39.570Z] GET /api/assessments 200 {}
[2025-10-13T07:51:39.583Z] GET /api/activities/1 200 {}
[2025-10-13T07:51:39.594Z] GET /api/activities/3 200 {}
[2025-10-13T07:51:39.595Z] GET /api/activities/2 200 {}
[2025-10-13T07:51:40.124Z] GET /api/modules 200 {}
[2025-10-13T07:51:40.133Z] GET /api/activities 200 {}
[2025-10-13T07:52:26.707Z] GET /api/assessments 200 {}
[2025-10-13T07:52:26.723Z] GET /api/activities/1 200 {}
[2025-10-13T07:52:26.724Z] GET /api/activities/2 200 {}
[2025-10-13T07:52:26.726Z] GET /api/activities/3 200 {}
[2025-10-13T07:52:31.979Z] GET /api/assessments 200 {}
[2025-10-13T07:52:31.997Z] GET /api/activities/1 200 {}
[2025-10-13T07:52:31.999Z] GET /api/activities/3 200 {}
[2025-10-13T07:52:32.003Z] GET /api/activities/2 200 {}
[2025-10-13T07:52:34.905Z] GET /api/assessments 200 {}
[2025-10-13T07:52:34.935Z] GET /api/activities/1 200 {}
[2025-10-13T07:52:34.936Z] GET /api/activities/2 200 {}
[2025-10-13T07:52:34.940Z] GET /api/activities/3 200 {}
[2025-10-13T07:54:11.147Z] GET /api/assessments 200 {}
[2025-10-13T07:54:11.159Z] GET /api/activities/1 200 {}
[2025-10-13T07:54:11.161Z] GET /api/activities/2 200 {}
[2025-10-13T07:54:11.163Z] GET /api/activities/3 200 {}
[2025-10-13T07:58:13.513Z] GET /api/activities/1 200 {}
[2025-10-13T07:58:13.537Z] GET /api/assessments/lab-activity/1 200 {}
[2025-10-13T07:58:17.951Z] GET /api/activities/1 200 {}
[2025-10-13T07:58:17.959Z] GET /api/assessments/lab-activity/1 200 {}
[2025-10-13T07:58:25.718Z] GET /api/assessments 200 {}
[2025-10-13T07:58:25.726Z] GET /api/activities/1 200 {}
[2025-10-13T07:58:25.729Z] GET /api/activities/2 200 {}
[2025-10-13T07:58:25.738Z] GET /api/activities/3 200 {}
[2025-10-13T07:58:43.413Z] GET /api/activities 200 {}
[2025-10-13T07:59:14.770Z] GET /api/assessments 200 {}
[2025-10-13T07:59:14.779Z] GET /api/activities/1 200 {}
[2025-10-13T07:59:14.781Z] GET /api/activities/3 200 {}
[2025-10-13T07:59:14.790Z] GET /api/activities/2 200 {}
[2025-10-13T07:59:15.942Z] GET /api/modules 200 {}
[2025-10-13T07:59:15.950Z] GET /api/activities 200 {}
[2025-10-13T07:59:17.767Z] GET /api/assessments 200 {}
[2025-10-13T07:59:17.773Z] GET /api/activities/1 200 {}
[2025-10-13T07:59:17.775Z] GET /api/activities/2 200 {}
[2025-10-13T07:59:17.776Z] GET /api/activities/3 200 {}
[2025-10-13T07:59:18.727Z] GET /api/modules 200 {}
[2025-10-13T07:59:18.734Z] GET /api/activities 200 {}
[2025-10-13T07:59:27.767Z] GET /api/modules 200 {}
[2025-10-13T07:59:27.782Z] GET /api/activities 200 {}
[2025-10-13T07:59:28.439Z] GET /api/activities 200 {}
[2025-10-13T08:12:42.678Z] GET /api/assessments 200 {}
[2025-10-13T08:12:42.689Z] GET /api/activities/1 200 {}
[2025-10-13T08:12:42.694Z] GET /api/activities/2 200 {}
[2025-10-13T08:12:42.695Z] GET /api/activities/3 200 {}
[2025-10-13T08:12:43.724Z] GET /api/modules 200 {}
[2025-10-13T08:12:43.733Z] GET /api/activities 200 {}
[2025-10-13T08:12:44.877Z] GET /api/activities 200 {}
[2025-10-13T08:15:16.837Z] GET /api/activities/1 200 {}
[2025-10-13T08:15:16.855Z] GET /api/assessments/lab-activity/1 200 {}
[2025-10-13T08:15:18.362Z] GET /api/activities 200 {}
[2025-10-13T08:16:20.309Z] GET /api/activities 200 {}
[2025-10-13T08:19:16.848Z] GET /api/assessments/lab-activity/1 200 {}
[2025-10-13T08:19:24.951Z] GET /api/grades/activity/1 200 {}
[2025-10-13T08:20:02.584Z] GET /api/activities 200 {}
[2025-10-13T08:21:15.303Z] GET /api/grades/activity/1 200 {}
[2025-10-13T08:29:37.673Z] GET /api/activities 200 {}
[2025-10-13T08:29:40.717Z] GET /api/grades/activity/1 200 {}
[2025-10-13T08:30:27.874Z] GET /api/activities 200 {}
[2025-10-13T08:30:31.141Z] GET /api/grades/activity/1 200 {}
[2025-10-13T08:31:30.012Z] GET /api/activities 200 {}
[2025-10-13T08:31:31.860Z] GET /api/grades/activity/1 200 {}
[2025-10-13T08:31:42.952Z] GET /api/activities 200 {}
[2025-10-13T08:31:46.459Z] GET /api/activities 200 {}
[2025-10-13T08:31:48.239Z] GET /api/grades/activity/1 200 {}
[2025-10-13T08:33:17.107Z] GET /api/assessments 200 {}
[2025-10-13T08:33:17.131Z] GET /api/activities/1 200 {}
[2025-10-13T08:33:17.135Z] GET /api/activities/2 200 {}
[2025-10-13T08:33:17.138Z] GET /api/activities/3 200 {}
[2025-10-13T08:33:19.134Z] GET /api/activities 200 {}
[2025-10-13T08:34:00.466Z] GET /api/activities 200 {}
[2025-10-13T08:34:05.121Z] GET /api/grades/activity/1 200 {}
[2025-10-13T08:34:37.354Z] GET /api/activities 200 {}
[2025-10-13T08:34:37.568Z] GET /api/activities 200 {}
[2025-10-13T08:34:39.133Z] GET /api/grades/activity/1 200 {}
[2025-10-13T08:35:02.153Z] GET /api/activities 403 {}
[2025-10-13T08:35:03.328Z] GET /api/activities 403 {}
[2025-10-13T08:35:06.671Z] GET /api/activities 403 {}
[2025-10-13T08:35:11.068Z] GET /api/system/healthcheck 200 {}
[2025-10-13T08:35:13.721Z] POST /api/auth/signin 200 {"email":"emily.davis@instructor.com","password":"Password123!"}
[2025-10-13T08:35:15.105Z] GET /api/activities 200 {}
[2025-10-13T08:35:16.442Z] GET /api/assessments 200 {}
[2025-10-13T08:35:16.453Z] GET /api/activities/1 200 {}
[2025-10-13T08:35:16.457Z] GET /api/activities/3 200 {}
[2025-10-13T08:35:16.458Z] GET /api/activities/2 200 {}
[2025-10-13T08:35:17.223Z] GET /api/activities 200 {}
[2025-10-13T08:35:18.185Z] GET /api/grades/activity/1 200 {}
[2025-10-13T08:35:26.785Z] GET /api/activities 200 {}
[2025-10-13T08:35:26.992Z] GET /api/activities 200 {}
[2025-10-13T08:35:28.134Z] GET /api/grades/activity/1 200 {}
[2025-10-13T08:35:35.386Z] GET /api/activities 200 {}
[2025-10-13T08:35:36.362Z] GET /api/grades/activity/1 200 {}
[2025-10-13T08:35:58.766Z] GET /api/activities 200 {}
[2025-10-13T08:35:59.988Z] GET /api/grades/activity/1 200 {}
[2025-10-13T08:36:05.909Z] GET /api/grades/activity/1 200 {}
[2025-10-13T08:36:07.772Z] GET /api/assessments/lab-activity/1 200 {}
[2025-10-13T08:36:13.736Z] GET /api/grades/activity/1 200 {}
[2025-10-13T08:36:40.704Z] GET /api/assessments 200 {}
[2025-10-13T08:36:40.718Z] GET /api/activities/1 200 {}
[2025-10-13T08:36:40.732Z] GET /api/activities/2 200 {}
[2025-10-13T08:36:40.739Z] GET /api/activities/3 200 {}
[2025-10-13T08:36:41.483Z] GET /api/modules 200 {}
[2025-10-13T08:36:41.490Z] GET /api/activities 200 {}
[2025-10-13T08:36:43.168Z] GET /api/modules 200 {}
[2025-10-13T08:36:43.175Z] GET /api/activities 200 {}
[2025-10-13T08:38:50.665Z] GET /api/modules 200 {}
[2025-10-13T08:38:50.688Z] GET /api/activities 200 {}
[2025-10-13T08:40:30.442Z] GET /api/modules 200 {}
[2025-10-13T08:40:30.470Z] GET /api/activities 200 {}
